Using pre-set license

 COMMAND LINE ARGUMENTS:
/Applications/Unity/Hub/Editor/2020.3.1f1/Unity.app/Contents/MacOS/Unity
-adb2
-batchMode
-noUpm
-name
AssetImportWorker3
-projectPath
/Users/WanAqilah/Documents/AR Marker - Car
-logFile
Logs/AssetImportWorker3.log
-srvPort
50380
Successfully changed project path to: /Users/WanAqilah/Documents/AR Marker - Car
/Users/WanAqilah/Documents/AR Marker - Car
Using Asset Import Pipeline V2.
Refreshing native plugins compatible for Editor in 76.23 ms, found 1 plugins.
Preloading 0 native plugins for Editor in 0.00 ms.
Initialize engine version: 2020.3.1f1 (77a89f25062f)
[Subsystems] Discovering subsystems at path /Applications/Unity/Hub/Editor/2020.3.1f1/Unity.app/Contents/Resources/UnitySubsystems
[Subsystems] Discovering subsystems at path /Users/WanAqilah/Documents/AR Marker - Car/Assets
GfxDevice: creating device client; threaded=0
2021-05-12 09:13:30.692 Unity[99700:1417743] Color LCD preferred device: Intel Iris Pro Graphics (low power)
2021-05-12 09:13:30.692 Unity[99700:1417743] Metal devices available: 1
2021-05-12 09:13:30.693 Unity[99700:1417743] 0: Intel Iris Pro Graphics (low power)
2021-05-12 09:13:30.694 Unity[99700:1417743] Using device Intel Iris Pro Graphics (low power)
Initializing Metal device caps: Intel Iris Pro Graphics
Initialize mono
Mono path[0] = '/Applications/Unity/Hub/Editor/2020.3.1f1/Unity.app/Contents/Managed'
Mono path[1] = '/Applications/Unity/Hub/Editor/2020.3.1f1/Unity.app/Contents/MonoBleedingEdge/lib/mono/unityjit'
Mono config path = '/Applications/Unity/Hub/Editor/2020.3.1f1/Unity.app/Contents/MonoBleedingEdge/etc'
Using monoOptions --debugger-agent=transport=dt_socket,embedding=1,server=y,suspend=n,address=127.0.0.1:56700
Begin MonoManager ReloadAssembly
Registering precompiled unity dll's ...
Register platform support module: /Applications/Unity/Hub/Editor/2020.3.1f1/Unity.app/Contents/PlaybackEngines/MacStandaloneSupport/UnityEditor.OSXStandalone.Extensions.dll
Registered in 0.069812 seconds.
Native extension for OSXStandalone target not found
Refreshing native plugins compatible for Editor in 72.13 ms, found 1 plugins.
Preloading 0 native plugins for Editor in 0.00 ms.
Invoked RoslynAnalysisRunner static constructor.
RoslynAnalysisRunner will not be running.
RoslynAnalysisRunner has terminated.
Mono: successfully reloaded assembly
- Completed reload, in 14.883 seconds
Platform modules already initialized, skipping
Registering precompiled user dll's ...
Registered in 0.001803 seconds.
Begin MonoManager ReloadAssembly
Native extension for OSXStandalone target not found
Refreshing native plugins compatible for Editor in 63.83 ms, found 1 plugins.
Preloading 0 native plugins for Editor in 0.00 ms.
Invoked RoslynAnalysisRunner static constructor.
RoslynAnalysisRunner will not be running.
RoslynAnalysisRunner has terminated.
Mono: successfully reloaded assembly
- Completed reload, in  2.418 seconds
Platform modules already initialized, skipping
========================================================================
Worker process is ready to serve import requests
Launching external process: /Applications/Unity/Hub/Editor/2020.3.1f1/Unity.app/Contents/Tools/UnityShaderCompiler
Launched and connected shader compiler UnityShaderCompiler after 0.05 seconds
Refreshing native plugins compatible for Editor in 0.79 ms, found 1 plugins.
Preloading 0 native plugins for Editor in 0.00 ms.
Unloading 1786 Unused Serialized files (Serialized files now loaded: 0)
System memory in use before: 162.2 MB.
System memory in use after: 161.9 MB.

Unloading 14 unused Assets to reduce memory usage. Loaded Objects now: 2259.
Total: 4.457872 ms (FindLiveObjects: 0.480759 ms CreateObjectMapping: 0.169784 ms MarkObjects: 3.198539 ms  DeleteObjects: 0.605373 ms)

========================================================================
Received Import Request.
  path: ProjectSettings/TagManager.asset
  artifactKey: Guid(00000000000000003000000000000000) Importer(815301076,1909f56bfc062723c751e8b465ee728b)
Start importing ProjectSettings/TagManager.asset using Guid(00000000000000003000000000000000) Importer(815301076,1909f56bfc062723c751e8b465ee728b)  -> (artifact id: '3f0da4e190e83e1b06044e47827c798c') in 0.533658 seconds
  Import took 0.539496 seconds .

========================================================================
Received Import Request.
  Time since last request: 106.169132 seconds.
  path: Assets/Scripts/CarListController.cs
  artifactKey: Guid(6ca9d36fb169c4721bf0e556cef25274) Importer(815301076,1909f56bfc062723c751e8b465ee728b)
Start importing Assets/Scripts/CarListController.cs using Guid(6ca9d36fb169c4721bf0e556cef25274) Importer(815301076,1909f56bfc062723c751e8b465ee728b)  -> (artifact id: '205de7495fc07b51d7c73549bb13d3d9') in 0.351303 seconds
  Import took 0.358793 seconds .

========================================================================
Received Import Request.
  Time since last request: 19.535571 seconds.
  path: Assets/Scripts/CollectibleController.cs
  artifactKey: Guid(86130b3f0a12c4a45b67dbcc396a101b) Importer(815301076,1909f56bfc062723c751e8b465ee728b)
Start importing Assets/Scripts/CollectibleController.cs using Guid(86130b3f0a12c4a45b67dbcc396a101b) Importer(815301076,1909f56bfc062723c751e8b465ee728b)  -> (artifact id: '3b8a0b79e169c0691c75f7f38df267c2') in 0.006378 seconds
  Import took 0.013512 seconds .

========================================================================
Received Import Request.
  Time since last request: 0.002500 seconds.
  path: Assets/Scripts/CollectibleController.cs
  artifactKey: Guid(86130b3f0a12c4a45b67dbcc396a101b) Importer(815301076,1909f56bfc062723c751e8b465ee728b)
Start importing Assets/Scripts/CollectibleController.cs using Guid(86130b3f0a12c4a45b67dbcc396a101b) Importer(815301076,1909f56bfc062723c751e8b465ee728b)  -> (artifact id: '3b8a0b79e169c0691c75f7f38df267c2') in 0.007683 seconds
  Import took 0.013575 seconds .

========================================================================
Received Import Request.
  Time since last request: 76.247221 seconds.
  path: Assets/Scripts/NewBehaviourScript.cs
  artifactKey: Guid(d523fbf2b6fd0420ba038111e2adb5b9) Importer(815301076,1909f56bfc062723c751e8b465ee728b)
Start importing Assets/Scripts/NewBehaviourScript.cs using Guid(d523fbf2b6fd0420ba038111e2adb5b9) Importer(815301076,1909f56bfc062723c751e8b465ee728b)  -> (artifact id: '0f7793241af5ca1bea7b470f99baf313') in 0.005784 seconds
  Import took 0.010487 seconds .

========================================================================
Received Import Request.
  Time since last request: 0.001587 seconds.
  path: Assets/Scripts/NewBehaviourScript.cs
  artifactKey: Guid(d523fbf2b6fd0420ba038111e2adb5b9) Importer(815301076,1909f56bfc062723c751e8b465ee728b)
Start importing Assets/Scripts/NewBehaviourScript.cs using Guid(d523fbf2b6fd0420ba038111e2adb5b9) Importer(815301076,1909f56bfc062723c751e8b465ee728b)  -> (artifact id: '0f7793241af5ca1bea7b470f99baf313') in 0.006582 seconds
  Import took 0.012429 seconds .

========================================================================
Received Import Request.
  Time since last request: 7.687178 seconds.
  path: Assets/Scripts/TimerSlider.cs
  artifactKey: Guid(d523fbf2b6fd0420ba038111e2adb5b9) Importer(815301076,1909f56bfc062723c751e8b465ee728b)
Start importing Assets/Scripts/TimerSlider.cs using Guid(d523fbf2b6fd0420ba038111e2adb5b9) Importer(815301076,1909f56bfc062723c751e8b465ee728b)  -> (artifact id: '8827a5fa22495a7314c3fd9b62766a32') in 0.009559 seconds
  Import took 0.013952 seconds .

========================================================================
Received Import Request.
  Time since last request: 0.050117 seconds.
  path: Assets/Scripts/PlayfabManager.cs
  artifactKey: Guid(4ace8809b44254cb4975ac9260e0302e) Importer(815301076,1909f56bfc062723c751e8b465ee728b)
Start importing Assets/Scripts/PlayfabManager.cs using Guid(4ace8809b44254cb4975ac9260e0302e) Importer(815301076,1909f56bfc062723c751e8b465ee728b)  -> (artifact id: 'ff4590c7accf77015c4548d4702a672c') in 0.005810 seconds
  Import took 0.009776 seconds .

========================================================================
Received Import Request.
  Time since last request: 606.430117 seconds.
  path: Assets/Scripts/TimerSlider.cs
  artifactKey: Guid(d523fbf2b6fd0420ba038111e2adb5b9) Importer(815301076,1909f56bfc062723c751e8b465ee728b)
Start importing Assets/Scripts/TimerSlider.cs using Guid(d523fbf2b6fd0420ba038111e2adb5b9) Importer(815301076,1909f56bfc062723c751e8b465ee728b)  -> (artifact id: '7c486ec73b16b20f40e8e8750844cf40') in 0.005261 seconds
  Import took 0.009060 seconds .

========================================================================
Received Import Request.
  Time since last request: 179.378797 seconds.
  path: Assets/Scripts/TimerSlider.cs
  artifactKey: Guid(d523fbf2b6fd0420ba038111e2adb5b9) Importer(815301076,1909f56bfc062723c751e8b465ee728b)
Start importing Assets/Scripts/TimerSlider.cs using Guid(d523fbf2b6fd0420ba038111e2adb5b9) Importer(815301076,1909f56bfc062723c751e8b465ee728b)  -> (artifact id: 'dc7d31ad9292c3aaac955cca5956200f') in 0.005991 seconds
  Import took 0.011323 seconds .

========================================================================
Received Import Request.
  Time since last request: 310.012327 seconds.
  path: Assets/Scripts/TimerSlider.cs
  artifactKey: Guid(d523fbf2b6fd0420ba038111e2adb5b9) Importer(815301076,1909f56bfc062723c751e8b465ee728b)
Start importing Assets/Scripts/TimerSlider.cs using Guid(d523fbf2b6fd0420ba038111e2adb5b9) Importer(815301076,1909f56bfc062723c751e8b465ee728b)  -> (artifact id: '81535224cc8465c94bc63ae0be6d2bed') in 0.006051 seconds
  Import took 0.010664 seconds .

========================================================================
Received Import Request.
  Time since last request: 74.191631 seconds.
  path: Assets/Scripts/TimerSlider.cs
  artifactKey: Guid(d523fbf2b6fd0420ba038111e2adb5b9) Importer(815301076,1909f56bfc062723c751e8b465ee728b)
Start importing Assets/Scripts/TimerSlider.cs using Guid(d523fbf2b6fd0420ba038111e2adb5b9) Importer(815301076,1909f56bfc062723c751e8b465ee728b)  -> (artifact id: '3e6766b4938f23e937b84e726d229296') in 0.005264 seconds
  Import took 0.010024 seconds .

========================================================================
Received Import Request.
  Time since last request: 1486.144840 seconds.
  path: Assets/Scripts/Timer.cs
  artifactKey: Guid(d523fbf2b6fd0420ba038111e2adb5b9) Importer(815301076,1909f56bfc062723c751e8b465ee728b)
Start importing Assets/Scripts/Timer.cs using Guid(d523fbf2b6fd0420ba038111e2adb5b9) Importer(815301076,1909f56bfc062723c751e8b465ee728b)  -> (artifact id: '9ba65e518b98688bc48eb01d7439fe7e') in 0.008877 seconds
  Import took 0.012573 seconds .

========================================================================
Received Import Request.
  Time since last request: 1.655141 seconds.
  path: Assets/time.cs
  artifactKey: Guid(4257f13fc23e14c72862914ab9dd7629) Importer(815301076,1909f56bfc062723c751e8b465ee728b)
Start importing Assets/time.cs using Guid(4257f13fc23e14c72862914ab9dd7629) Importer(815301076,1909f56bfc062723c751e8b465ee728b)  -> (artifact id: 'c5dcac80e1e79a99fcc7baf86de38db2') in 0.006220 seconds
  Import took 0.009860 seconds .

========================================================================
Received Import Request.
  Time since last request: 0.003594 seconds.
  path: Assets/time.cs
  artifactKey: Guid(4257f13fc23e14c72862914ab9dd7629) Importer(815301076,1909f56bfc062723c751e8b465ee728b)
Start importing Assets/time.cs using Guid(4257f13fc23e14c72862914ab9dd7629) Importer(815301076,1909f56bfc062723c751e8b465ee728b)  -> (artifact id: 'c5dcac80e1e79a99fcc7baf86de38db2') in 0.005317 seconds
  Import took 0.008947 seconds .

========================================================================
Received Import Request.
  Time since last request: 14.974673 seconds.
  path: Assets/Scripts/TimerSlider.cs
  artifactKey: Guid(4257f13fc23e14c72862914ab9dd7629) Importer(815301076,1909f56bfc062723c751e8b465ee728b)
Start importing Assets/Scripts/TimerSlider.cs using Guid(4257f13fc23e14c72862914ab9dd7629) Importer(815301076,1909f56bfc062723c751e8b465ee728b)  -> (artifact id: '8854d9b8e9467e1c1e89e4aee8aa7d91') in 0.006151 seconds
  Import took 0.010521 seconds .

========================================================================
Received Prepare
Registering precompiled user dll's ...
Registered in 0.001059 seconds.
Begin MonoManager ReloadAssembly
Native extension for OSXStandalone target not found
Refreshing native plugins compatible for Editor in 0.43 ms, found 1 plugins.
Preloading 0 native plugins for Editor in 0.00 ms.
Invoked RoslynAnalysisRunner static constructor.
RoslynAnalysisRunner will not be running.
RoslynAnalysisRunner has terminated.
Mono: successfully reloaded assembly
- Completed reload, in  1.374 seconds
Platform modules already initialized, skipping
Switching build target platform(2) subTarget(0) extendedPlatform(0) -> platform(13) subTarget(524288) extendedPlatform(0)
Refreshing native plugins compatible for Editor in 0.45 ms, found 1 plugins.
Preloading 0 native plugins for Editor in 0.00 ms.
Unloading 1760 Unused Serialized files (Serialized files now loaded: 0)
System memory in use before: 167.1 MB.
System memory in use after: 166.9 MB.

Unloading 10 unused Assets to reduce memory usage. Loaded Objects now: 2265.
Total: 3.871206 ms (FindLiveObjects: 0.353923 ms CreateObjectMapping: 0.100327 ms MarkObjects: 2.857440 ms  DeleteObjects: 0.557885 ms)

AssetImportParameters requested are different than current active one (requested -> active):
  custom:graphics/normal-map-encoding: 01000000000000000000000000000000 -> 02000000000000000000000000000000
========================================================================
Received Prepare
Refreshing native plugins compatible for Editor in 1.35 ms, found 1 plugins.
Preloading 0 native plugins for Editor in 0.00 ms.
Unloading 5 Unused Serialized files (Serialized files now loaded: 0)
System memory in use before: 134.8 MB.
System memory in use after: 134.6 MB.

Unloading 4 unused Assets to reduce memory usage. Loaded Objects now: 2266.
Total: 3.308545 ms (FindLiveObjects: 0.252094 ms CreateObjectMapping: 0.072547 ms MarkObjects: 2.533695 ms  DeleteObjects: 0.448893 ms)

========================================================================
Received Prepare
Refreshing native plugins compatible for Editor in 1.37 ms, found 1 plugins.
Preloading 0 native plugins for Editor in 0.00 ms.
Unloading 4 Unused Serialized files (Serialized files now loaded: 0)
System memory in use before: 134.8 MB.
System memory in use after: 134.6 MB.

Unloading 4 unused Assets to reduce memory usage. Loaded Objects now: 2266.
Total: 2.735188 ms (FindLiveObjects: 0.264442 ms CreateObjectMapping: 0.091639 ms MarkObjects: 1.913557 ms  DeleteObjects: 0.464422 ms)

========================================================================
Received Import Request.
  Time since last request: 585.910328 seconds.
  path: Assets/Prefabs/GameOver.prefab
  artifactKey: Guid(86090620b10494ffba9b1aa6d2ea4277) Importer(815301076,1909f56bfc062723c751e8b465ee728b)
Start importing Assets/Prefabs/GameOver.prefab using Guid(86090620b10494ffba9b1aa6d2ea4277) Importer(815301076,1909f56bfc062723c751e8b465ee728b)  -> (artifact id: 'a68edfb463a43d2d7db00814f25f624f') in 0.254698 seconds
  Import took 0.260024 seconds .

========================================================================
Received Prepare
Refreshing native plugins compatible for Editor in 1.17 ms, found 1 plugins.
Preloading 0 native plugins for Editor in 0.00 ms.
Unloading 4 Unused Serialized files (Serialized files now loaded: 0)
System memory in use before: 139.5 MB.
System memory in use after: 139.3 MB.

Unloading 4 unused Assets to reduce memory usage. Loaded Objects now: 2266.
Total: 3.962260 ms (FindLiveObjects: 0.318291 ms CreateObjectMapping: 0.125340 ms MarkObjects: 3.050079 ms  DeleteObjects: 0.467210 ms)

========================================================================
Received Prepare
Refreshing native plugins compatible for Editor in 1.84 ms, found 1 plugins.
Preloading 0 native plugins for Editor in 0.00 ms.
Unloading 4 Unused Serialized files (Serialized files now loaded: 0)
System memory in use before: 139.5 MB.
System memory in use after: 139.3 MB.

Unloading 4 unused Assets to reduce memory usage. Loaded Objects now: 2266.
Total: 4.549947 ms (FindLiveObjects: 0.405858 ms CreateObjectMapping: 0.124868 ms MarkObjects: 3.285890 ms  DeleteObjects: 0.731483 ms)

========================================================================
Received Prepare
Refreshing native plugins compatible for Editor in 1.04 ms, found 1 plugins.
Preloading 0 native plugins for Editor in 0.00 ms.
Unloading 4 Unused Serialized files (Serialized files now loaded: 0)
System memory in use before: 139.5 MB.
System memory in use after: 139.3 MB.

Unloading 4 unused Assets to reduce memory usage. Loaded Objects now: 2266.
Total: 3.947066 ms (FindLiveObjects: 0.363052 ms CreateObjectMapping: 0.173351 ms MarkObjects: 2.923798 ms  DeleteObjects: 0.485386 ms)

========================================================================
Received Import Request.
  Time since last request: 2446.102543 seconds.
  path: Assets/Scripts/PlayfabLogin.cs
  artifactKey: Guid(eb7f1e9dd06ef44d3ad4b3d7b2b241e6) Importer(815301076,1909f56bfc062723c751e8b465ee728b)
Start importing Assets/Scripts/PlayfabLogin.cs using Guid(eb7f1e9dd06ef44d3ad4b3d7b2b241e6) Importer(815301076,1909f56bfc062723c751e8b465ee728b)  -> (artifact id: '9ac606470a22dab64104fe014cbef2b8') in 0.014183 seconds
  Import took 0.022514 seconds .

========================================================================
Received Import Request.
  Time since last request: 0.002157 seconds.
  path: Assets/Scripts/PlayfabLogin.cs
  artifactKey: Guid(eb7f1e9dd06ef44d3ad4b3d7b2b241e6) Importer(815301076,1909f56bfc062723c751e8b465ee728b)
Start importing Assets/Scripts/PlayfabLogin.cs using Guid(eb7f1e9dd06ef44d3ad4b3d7b2b241e6) Importer(815301076,1909f56bfc062723c751e8b465ee728b)  -> (artifact id: '9ac606470a22dab64104fe014cbef2b8') in 0.005714 seconds
  Import took 0.010900 seconds .

========================================================================
Received Prepare
Registering precompiled user dll's ...
Registered in 0.001310 seconds.
Begin MonoManager ReloadAssembly
Native extension for OSXStandalone target not found
Refreshing native plugins compatible for Editor in 0.50 ms, found 1 plugins.
Preloading 0 native plugins for Editor in 0.00 ms.
Invoked RoslynAnalysisRunner static constructor.
RoslynAnalysisRunner will not be running.
RoslynAnalysisRunner has terminated.
Mono: successfully reloaded assembly
- Completed reload, in  1.573 seconds
Platform modules already initialized, skipping
Switching build target platform(2) subTarget(0) extendedPlatform(0) -> platform(13) subTarget(524288) extendedPlatform(0)
Refreshing native plugins compatible for Editor in 0.55 ms, found 1 plugins.
Preloading 0 native plugins for Editor in 0.00 ms.
Unloading 1760 Unused Serialized files (Serialized files now loaded: 0)
System memory in use before: 171.7 MB.
System memory in use after: 171.5 MB.

Unloading 8 unused Assets to reduce memory usage. Loaded Objects now: 2272.
Total: 3.480266 ms (FindLiveObjects: 0.283339 ms CreateObjectMapping: 0.113702 ms MarkObjects: 2.560433 ms  DeleteObjects: 0.520817 ms)

AssetImportParameters requested are different than current active one (requested -> active):
  custom:graphics/normal-map-encoding: 01000000000000000000000000000000 -> 02000000000000000000000000000000
========================================================================
Received Prepare
Registering precompiled user dll's ...
Registered in 0.001637 seconds.
Begin MonoManager ReloadAssembly
Native extension for OSXStandalone target not found
Refreshing native plugins compatible for Editor in 0.92 ms, found 1 plugins.
Preloading 0 native plugins for Editor in 0.00 ms.
Invoked RoslynAnalysisRunner static constructor.
RoslynAnalysisRunner will not be running.
RoslynAnalysisRunner has terminated.
Mono: successfully reloaded assembly
- Completed reload, in  2.030 seconds
Platform modules already initialized, skipping
Switching build target platform(2) subTarget(0) extendedPlatform(0) -> platform(13) subTarget(524288) extendedPlatform(0)
Refreshing native plugins compatible for Editor in 0.79 ms, found 1 plugins.
Preloading 0 native plugins for Editor in 0.00 ms.
Unloading 1760 Unused Serialized files (Serialized files now loaded: 0)
System memory in use before: 172.1 MB.
System memory in use after: 171.8 MB.

Unloading 9 unused Assets to reduce memory usage. Loaded Objects now: 2276.
Total: 4.204507 ms (FindLiveObjects: 0.421144 ms CreateObjectMapping: 0.153477 ms MarkObjects: 3.004837 ms  DeleteObjects: 0.623499 ms)

AssetImportParameters requested are different than current active one (requested -> active):
  custom:graphics/normal-map-encoding: 01000000000000000000000000000000 -> 02000000000000000000000000000000
========================================================================
Received Prepare
Registering precompiled user dll's ...
Registered in 0.001059 seconds.
Begin MonoManager ReloadAssembly
Native extension for OSXStandalone target not found
Refreshing native plugins compatible for Editor in 0.45 ms, found 1 plugins.
Preloading 0 native plugins for Editor in 0.00 ms.
Invoked RoslynAnalysisRunner static constructor.
RoslynAnalysisRunner will not be running.
RoslynAnalysisRunner has terminated.
Mono: successfully reloaded assembly
- Completed reload, in  1.366 seconds
Platform modules already initialized, skipping
Switching build target platform(2) subTarget(0) extendedPlatform(0) -> platform(13) subTarget(524288) extendedPlatform(0)
Refreshing native plugins compatible for Editor in 0.45 ms, found 1 plugins.
Preloading 0 native plugins for Editor in 0.00 ms.
Unloading 1760 Unused Serialized files (Serialized files now loaded: 0)
System memory in use before: 172.5 MB.
System memory in use after: 172.2 MB.

Unloading 10 unused Assets to reduce memory usage. Loaded Objects now: 2280.
Total: 3.719834 ms (FindLiveObjects: 0.348934 ms CreateObjectMapping: 0.096858 ms MarkObjects: 2.647719 ms  DeleteObjects: 0.624028 ms)

AssetImportParameters requested are different than current active one (requested -> active):
  custom:graphics/normal-map-encoding: 01000000000000000000000000000000 -> 02000000000000000000000000000000
========================================================================
Received Prepare
Registering precompiled user dll's ...
Registered in 0.001126 seconds.
Begin MonoManager ReloadAssembly
Native extension for OSXStandalone target not found
Refreshing native plugins compatible for Editor in 0.60 ms, found 1 plugins.
Preloading 0 native plugins for Editor in 0.00 ms.
Invoked RoslynAnalysisRunner static constructor.
RoslynAnalysisRunner will not be running.
RoslynAnalysisRunner has terminated.
Mono: successfully reloaded assembly
- Completed reload, in  1.921 seconds
Platform modules already initialized, skipping
Switching build target platform(2) subTarget(0) extendedPlatform(0) -> platform(13) subTarget(524288) extendedPlatform(0)
Refreshing native plugins compatible for Editor in 0.63 ms, found 1 plugins.
Preloading 0 native plugins for Editor in 0.00 ms.
Unloading 1760 Unused Serialized files (Serialized files now loaded: 0)
System memory in use before: 172.8 MB.
System memory in use after: 172.5 MB.

Unloading 9 unused Assets to reduce memory usage. Loaded Objects now: 2285.
Total: 4.422786 ms (FindLiveObjects: 0.602175 ms CreateObjectMapping: 0.161941 ms MarkObjects: 3.133583 ms  DeleteObjects: 0.523384 ms)

AssetImportParameters requested are different than current active one (requested -> active):
  custom:graphics/normal-map-encoding: 01000000000000000000000000000000 -> 02000000000000000000000000000000
========================================================================
Received Prepare
Registering precompiled user dll's ...
Registered in 0.000974 seconds.
Begin MonoManager ReloadAssembly
Native extension for OSXStandalone target not found
Refreshing native plugins compatible for Editor in 0.72 ms, found 1 plugins.
Preloading 0 native plugins for Editor in 0.00 ms.
Invoked RoslynAnalysisRunner static constructor.
RoslynAnalysisRunner will not be running.
RoslynAnalysisRunner has terminated.
Mono: successfully reloaded assembly
- Completed reload, in  2.006 seconds
Platform modules already initialized, skipping
Switching build target platform(2) subTarget(0) extendedPlatform(0) -> platform(13) subTarget(524288) extendedPlatform(0)
Refreshing native plugins compatible for Editor in 0.45 ms, found 1 plugins.
Preloading 0 native plugins for Editor in 0.00 ms.
Unloading 1760 Unused Serialized files (Serialized files now loaded: 0)
System memory in use before: 173.1 MB.
System memory in use after: 172.8 MB.

Unloading 9 unused Assets to reduce memory usage. Loaded Objects now: 2290.
Total: 4.194803 ms (FindLiveObjects: 0.313697 ms CreateObjectMapping: 0.094784 ms MarkObjects: 3.181556 ms  DeleteObjects: 0.603020 ms)

AssetImportParameters requested are different than current active one (requested -> active):
  custom:graphics/normal-map-encoding: 01000000000000000000000000000000 -> 02000000000000000000000000000000
========================================================================
Received Prepare
Registering precompiled user dll's ...
Registered in 0.000938 seconds.
Begin MonoManager ReloadAssembly
Native extension for OSXStandalone target not found
Refreshing native plugins compatible for Editor in 0.55 ms, found 1 plugins.
Preloading 0 native plugins for Editor in 0.00 ms.
Invoked RoslynAnalysisRunner static constructor.
RoslynAnalysisRunner will not be running.
RoslynAnalysisRunner has terminated.
Mono: successfully reloaded assembly
- Completed reload, in  1.425 seconds
Platform modules already initialized, skipping
Switching build target platform(2) subTarget(0) extendedPlatform(0) -> platform(13) subTarget(524288) extendedPlatform(0)
Refreshing native plugins compatible for Editor in 0.45 ms, found 1 plugins.
Preloading 0 native plugins for Editor in 0.00 ms.
Unloading 1760 Unused Serialized files (Serialized files now loaded: 0)
System memory in use before: 173.4 MB.
System memory in use after: 173.2 MB.

Unloading 9 unused Assets to reduce memory usage. Loaded Objects now: 2295.
Total: 3.659522 ms (FindLiveObjects: 0.348600 ms CreateObjectMapping: 0.095899 ms MarkObjects: 2.649813 ms  DeleteObjects: 0.563368 ms)

AssetImportParameters requested are different than current active one (requested -> active):
  custom:graphics/normal-map-encoding: 01000000000000000000000000000000 -> 02000000000000000000000000000000
========================================================================
Received Prepare
Registering precompiled user dll's ...
Registered in 0.001269 seconds.
Begin MonoManager ReloadAssembly
Native extension for OSXStandalone target not found
Refreshing native plugins compatible for Editor in 0.44 ms, found 1 plugins.
Preloading 0 native plugins for Editor in 0.00 ms.
Invoked RoslynAnalysisRunner static constructor.
RoslynAnalysisRunner will not be running.
RoslynAnalysisRunner has terminated.
Mono: successfully reloaded assembly
- Completed reload, in  1.346 seconds
Platform modules already initialized, skipping
Switching build target platform(2) subTarget(0) extendedPlatform(0) -> platform(13) subTarget(524288) extendedPlatform(0)
Refreshing native plugins compatible for Editor in 0.45 ms, found 1 plugins.
Preloading 0 native plugins for Editor in 0.00 ms.
Unloading 1760 Unused Serialized files (Serialized files now loaded: 0)
System memory in use before: 173.7 MB.
System memory in use after: 173.5 MB.

Unloading 9 unused Assets to reduce memory usage. Loaded Objects now: 2300.
Total: 3.442859 ms (FindLiveObjects: 0.397020 ms CreateObjectMapping: 0.098096 ms MarkObjects: 2.348696 ms  DeleteObjects: 0.596832 ms)

AssetImportParameters requested are different than current active one (requested -> active):
  custom:graphics/normal-map-encoding: 01000000000000000000000000000000 -> 02000000000000000000000000000000
========================================================================
Received Prepare
Registering precompiled user dll's ...
Registered in 0.001073 seconds.
Begin MonoManager ReloadAssembly
Native extension for OSXStandalone target not found
Refreshing native plugins compatible for Editor in 0.44 ms, found 1 plugins.
Preloading 0 native plugins for Editor in 0.00 ms.
Invoked RoslynAnalysisRunner static constructor.
RoslynAnalysisRunner will not be running.
RoslynAnalysisRunner has terminated.
Mono: successfully reloaded assembly
- Completed reload, in  1.437 seconds
Platform modules already initialized, skipping
Switching build target platform(2) subTarget(0) extendedPlatform(0) -> platform(13) subTarget(524288) extendedPlatform(0)
Refreshing native plugins compatible for Editor in 0.43 ms, found 1 plugins.
Preloading 0 native plugins for Editor in 0.00 ms.
Unloading 1760 Unused Serialized files (Serialized files now loaded: 0)
System memory in use before: 174.1 MB.
System memory in use after: 173.8 MB.

Unloading 9 unused Assets to reduce memory usage. Loaded Objects now: 2305.
Total: 4.087444 ms (FindLiveObjects: 0.357089 ms CreateObjectMapping: 0.098644 ms MarkObjects: 2.985046 ms  DeleteObjects: 0.644129 ms)

AssetImportParameters requested are different than current active one (requested -> active):
  custom:graphics/normal-map-encoding: 01000000000000000000000000000000 -> 02000000000000000000000000000000
========================================================================
Received Prepare
Registering precompiled user dll's ...
Registered in 0.001260 seconds.
Begin MonoManager ReloadAssembly
Native extension for OSXStandalone target not found
Refreshing native plugins compatible for Editor in 0.63 ms, found 1 plugins.
Preloading 0 native plugins for Editor in 0.00 ms.
Invoked RoslynAnalysisRunner static constructor.
RoslynAnalysisRunner will not be running.
RoslynAnalysisRunner has terminated.
Mono: successfully reloaded assembly
- Completed reload, in  2.048 seconds
Platform modules already initialized, skipping
Switching build target platform(2) subTarget(0) extendedPlatform(0) -> platform(13) subTarget(524288) extendedPlatform(0)
Refreshing native plugins compatible for Editor in 0.74 ms, found 1 plugins.
Preloading 0 native plugins for Editor in 0.00 ms.
Unloading 1760 Unused Serialized files (Serialized files now loaded: 0)
System memory in use before: 174.3 MB.
System memory in use after: 174.1 MB.

Unloading 9 unused Assets to reduce memory usage. Loaded Objects now: 2310.
Total: 4.509094 ms (FindLiveObjects: 0.222999 ms CreateObjectMapping: 0.128250 ms MarkObjects: 3.405365 ms  DeleteObjects: 0.750871 ms)

AssetImportParameters requested are different than current active one (requested -> active):
  custom:graphics/normal-map-encoding: 01000000000000000000000000000000 -> 02000000000000000000000000000000
========================================================================
Received Import Request.
  Time since last request: 5827.147935 seconds.
  path: Assets/Scripts/PlayfabLogin.cs
  artifactKey: Guid(eb7f1e9dd06ef44d3ad4b3d7b2b241e6) Importer(815301076,1909f56bfc062723c751e8b465ee728b)
Start importing Assets/Scripts/PlayfabLogin.cs using Guid(eb7f1e9dd06ef44d3ad4b3d7b2b241e6) Importer(815301076,1909f56bfc062723c751e8b465ee728b)  -> (artifact id: '4f4e47b9325f624dd246d4676501f35c') in 0.006408 seconds
  Import took 0.010556 seconds .

========================================================================
Received Import Request.
  Time since last request: 0.002308 seconds.
  path: Assets/Scripts/PlayfabLogin.cs
  artifactKey: Guid(eb7f1e9dd06ef44d3ad4b3d7b2b241e6) Importer(815301076,1909f56bfc062723c751e8b465ee728b)
Start importing Assets/Scripts/PlayfabLogin.cs using Guid(eb7f1e9dd06ef44d3ad4b3d7b2b241e6) Importer(815301076,1909f56bfc062723c751e8b465ee728b)  -> (artifact id: '4f4e47b9325f624dd246d4676501f35c') in 0.003298 seconds
  Import took 0.006292 seconds .

========================================================================
Received Prepare
Registering precompiled user dll's ...
Registered in 0.001254 seconds.
Begin MonoManager ReloadAssembly
Native extension for OSXStandalone target not found
Refreshing native plugins compatible for Editor in 0.43 ms, found 1 plugins.
Preloading 0 native plugins for Editor in 0.00 ms.
Invoked RoslynAnalysisRunner static constructor.
RoslynAnalysisRunner will not be running.
RoslynAnalysisRunner has terminated.
Mono: successfully reloaded assembly
- Completed reload, in  1.416 seconds
Platform modules already initialized, skipping
Switching build target platform(2) subTarget(0) extendedPlatform(0) -> platform(13) subTarget(524288) extendedPlatform(0)
Refreshing native plugins compatible for Editor in 0.46 ms, found 1 plugins.
Preloading 0 native plugins for Editor in 0.00 ms.
Unloading 1759 Unused Serialized files (Serialized files now loaded: 0)
System memory in use before: 174.6 MB.
System memory in use after: 174.4 MB.

Unloading 10 unused Assets to reduce memory usage. Loaded Objects now: 2314.
Total: 3.313160 ms (FindLiveObjects: 0.283080 ms CreateObjectMapping: 0.131015 ms MarkObjects: 2.385765 ms  DeleteObjects: 0.512296 ms)

AssetImportParameters requested are different than current active one (requested -> active):
  custom:graphics/normal-map-encoding: 01000000000000000000000000000000 -> 02000000000000000000000000000000
========================================================================
Received Import Request.
  Time since last request: 15.664368 seconds.
  path: Assets/GameController.cs
  artifactKey: Guid(78d8310902e2d4e3783fe67294279bb1) Importer(815301076,1909f56bfc062723c751e8b465ee728b)
Start importing Assets/GameController.cs using Guid(78d8310902e2d4e3783fe67294279bb1) Importer(815301076,1909f56bfc062723c751e8b465ee728b)  -> (artifact id: '57743e08b0348dee67c659fb0b4e29ad') in 0.007156 seconds
  Import took 0.011546 seconds .

========================================================================
Received Import Request.
  Time since last request: 0.038965 seconds.
  path: Assets/GameController.cs
  artifactKey: Guid(78d8310902e2d4e3783fe67294279bb1) Importer(815301076,1909f56bfc062723c751e8b465ee728b)
Start importing Assets/GameController.cs using Guid(78d8310902e2d4e3783fe67294279bb1) Importer(815301076,1909f56bfc062723c751e8b465ee728b)  -> (artifact id: '57743e08b0348dee67c659fb0b4e29ad') in 0.002679 seconds
  Import took 0.006715 seconds .

========================================================================
Received Prepare
Registering precompiled user dll's ...
Registered in 0.001077 seconds.
Begin MonoManager ReloadAssembly
Native extension for OSXStandalone target not found
Refreshing native plugins compatible for Editor in 0.42 ms, found 1 plugins.
Preloading 0 native plugins for Editor in 0.00 ms.
Invoked RoslynAnalysisRunner static constructor.
RoslynAnalysisRunner will not be running.
RoslynAnalysisRunner has terminated.
Mono: successfully reloaded assembly
- Completed reload, in  1.386 seconds
Platform modules already initialized, skipping
Switching build target platform(2) subTarget(0) extendedPlatform(0) -> platform(13) subTarget(524288) extendedPlatform(0)
Refreshing native plugins compatible for Editor in 0.44 ms, found 1 plugins.
Preloading 0 native plugins for Editor in 0.00 ms.
Unloading 1759 Unused Serialized files (Serialized files now loaded: 0)
System memory in use before: 175.0 MB.
System memory in use after: 174.7 MB.

Unloading 9 unused Assets to reduce memory usage. Loaded Objects now: 2319.
Total: 3.318360 ms (FindLiveObjects: 0.258273 ms CreateObjectMapping: 0.108203 ms MarkObjects: 2.377165 ms  DeleteObjects: 0.571144 ms)

AssetImportParameters requested are different than current active one (requested -> active):
  custom:graphics/normal-map-encoding: 01000000000000000000000000000000 -> 02000000000000000000000000000000
========================================================================
Received Prepare
Refreshing native plugins compatible for Editor in 1.46 ms, found 1 plugins.
Preloading 0 native plugins for Editor in 0.00 ms.
Unloading 5 Unused Serialized files (Serialized files now loaded: 0)
System memory in use before: 142.7 MB.
System memory in use after: 142.5 MB.

Unloading 4 unused Assets to reduce memory usage. Loaded Objects now: 2320.
Total: 3.423119 ms (FindLiveObjects: 0.312480 ms CreateObjectMapping: 0.170458 ms MarkObjects: 2.432891 ms  DeleteObjects: 0.505883 ms)

========================================================================
Received Import Request.
  Time since last request: 267.920310 seconds.
  path: Assets/Scripts/PlayFabManager.cs
  artifactKey: Guid(4ace8809b44254cb4975ac9260e0302e) Importer(815301076,1909f56bfc062723c751e8b465ee728b)
Start importing Assets/Scripts/PlayFabManager.cs using Guid(4ace8809b44254cb4975ac9260e0302e) Importer(815301076,1909f56bfc062723c751e8b465ee728b)  -> (artifact id: '5a83fb6d1c6fb804af21ff72e6d8abfe') in 0.009445 seconds
  Import took 0.015624 seconds .

========================================================================
Received Prepare
Registering precompiled user dll's ...
Registered in 0.001164 seconds.
Begin MonoManager ReloadAssembly
Native extension for OSXStandalone target not found
Refreshing native plugins compatible for Editor in 0.45 ms, found 1 plugins.
Preloading 0 native plugins for Editor in 0.00 ms.
Invoked RoslynAnalysisRunner static constructor.
RoslynAnalysisRunner will not be running.
RoslynAnalysisRunner has terminated.
Mono: successfully reloaded assembly
- Completed reload, in  1.689 seconds
Platform modules already initialized, skipping
Switching build target platform(2) subTarget(0) extendedPlatform(0) -> platform(13) subTarget(524288) extendedPlatform(0)
Refreshing native plugins compatible for Editor in 0.47 ms, found 1 plugins.
Preloading 0 native plugins for Editor in 0.00 ms.
Unloading 1759 Unused Serialized files (Serialized files now loaded: 0)
System memory in use before: 175.2 MB.
System memory in use after: 175.0 MB.

Unloading 8 unused Assets to reduce memory usage. Loaded Objects now: 2326.
Total: 3.813166 ms (FindLiveObjects: 0.264547 ms CreateObjectMapping: 0.146729 ms MarkObjects: 2.883972 ms  DeleteObjects: 0.514927 ms)

AssetImportParameters requested are different than current active one (requested -> active):
  custom:graphics/normal-map-encoding: 01000000000000000000000000000000 -> 02000000000000000000000000000000
========================================================================
Received Import Request.
  Time since last request: 94.911587 seconds.
  path: Assets/Scripts/PlayFabLogin.cs
  artifactKey: Guid(4ace8809b44254cb4975ac9260e0302e) Importer(815301076,1909f56bfc062723c751e8b465ee728b)
Start importing Assets/Scripts/PlayFabLogin.cs using Guid(4ace8809b44254cb4975ac9260e0302e) Importer(815301076,1909f56bfc062723c751e8b465ee728b)  -> (artifact id: 'd0dc3bf04eebc91dc50ae4da4826dffb') in 0.011644 seconds
  Import took 0.018180 seconds .

========================================================================
Received Prepare
Registering precompiled user dll's ...
Registered in 0.001510 seconds.
Begin MonoManager ReloadAssembly
Native extension for OSXStandalone target not found
Refreshing native plugins compatible for Editor in 0.59 ms, found 1 plugins.
Preloading 0 native plugins for Editor in 0.00 ms.
Invoked RoslynAnalysisRunner static constructor.
RoslynAnalysisRunner will not be running.
RoslynAnalysisRunner has terminated.
Mono: successfully reloaded assembly
- Completed reload, in  1.849 seconds
Platform modules already initialized, skipping
Switching build target platform(2) subTarget(0) extendedPlatform(0) -> platform(13) subTarget(524288) extendedPlatform(0)
Refreshing native plugins compatible for Editor in 0.46 ms, found 1 plugins.
Preloading 0 native plugins for Editor in 0.00 ms.
Unloading 1759 Unused Serialized files (Serialized files now loaded: 0)
System memory in use before: 175.5 MB.
System memory in use after: 175.3 MB.

Unloading 9 unused Assets to reduce memory usage. Loaded Objects now: 2330.
Total: 4.589506 ms (FindLiveObjects: 0.284630 ms CreateObjectMapping: 0.093819 ms MarkObjects: 3.560132 ms  DeleteObjects: 0.648830 ms)

AssetImportParameters requested are different than current active one (requested -> active):
  custom:graphics/normal-map-encoding: 01000000000000000000000000000000 -> 02000000000000000000000000000000
========================================================================
Received Prepare
Registering precompiled user dll's ...
Registered in 0.001089 seconds.
Begin MonoManager ReloadAssembly
Native extension for OSXStandalone target not found
Refreshing native plugins compatible for Editor in 0.42 ms, found 1 plugins.
Preloading 0 native plugins for Editor in 0.00 ms.
Invoked RoslynAnalysisRunner static constructor.
RoslynAnalysisRunner will not be running.
RoslynAnalysisRunner has terminated.
Mono: successfully reloaded assembly
- Completed reload, in  1.404 seconds
Platform modules already initialized, skipping
Switching build target platform(2) subTarget(0) extendedPlatform(0) -> platform(13) subTarget(524288) extendedPlatform(0)
Refreshing native plugins compatible for Editor in 0.44 ms, found 1 plugins.
Preloading 0 native plugins for Editor in 0.00 ms.
Unloading 1760 Unused Serialized files (Serialized files now loaded: 0)
System memory in use before: 175.9 MB.
System memory in use after: 175.7 MB.

Unloading 9 unused Assets to reduce memory usage. Loaded Objects now: 2335.
Total: 3.692014 ms (FindLiveObjects: 0.346327 ms CreateObjectMapping: 0.099100 ms MarkObjects: 2.626367 ms  DeleteObjects: 0.615797 ms)

AssetImportParameters requested are different than current active one (requested -> active):
  custom:graphics/normal-map-encoding: 01000000000000000000000000000000 -> 02000000000000000000000000000000
========================================================================
Received Import Request.
  Time since last request: 55.840035 seconds.
  path: Assets/Scripts/PlayFabLogin.cs
  artifactKey: Guid(4ace8809b44254cb4975ac9260e0302e) Importer(815301076,1909f56bfc062723c751e8b465ee728b)
Start importing Assets/Scripts/PlayFabLogin.cs using Guid(4ace8809b44254cb4975ac9260e0302e) Importer(815301076,1909f56bfc062723c751e8b465ee728b)  -> (artifact id: '04bf7621e84ae9913c65d8aaf86d8871') in 0.007010 seconds
  Import took 0.011512 seconds .

========================================================================
Received Prepare
Registering precompiled user dll's ...
Registered in 0.001062 seconds.
Begin MonoManager ReloadAssembly
Native extension for OSXStandalone target not found
Refreshing native plugins compatible for Editor in 0.63 ms, found 1 plugins.
Preloading 0 native plugins for Editor in 0.00 ms.
Invoked RoslynAnalysisRunner static constructor.
RoslynAnalysisRunner will not be running.
RoslynAnalysisRunner has terminated.
Mono: successfully reloaded assembly
- Completed reload, in  1.397 seconds
Platform modules already initialized, skipping
Switching build target platform(2) subTarget(0) extendedPlatform(0) -> platform(13) subTarget(524288) extendedPlatform(0)
Refreshing native plugins compatible for Editor in 0.44 ms, found 1 plugins.
Preloading 0 native plugins for Editor in 0.00 ms.
Unloading 1760 Unused Serialized files (Serialized files now loaded: 0)
System memory in use before: 176.3 MB.
System memory in use after: 176.1 MB.

Unloading 9 unused Assets to reduce memory usage. Loaded Objects now: 2340.
Total: 3.920026 ms (FindLiveObjects: 0.394338 ms CreateObjectMapping: 0.098983 ms MarkObjects: 2.782221 ms  DeleteObjects: 0.642556 ms)

AssetImportParameters requested are different than current active one (requested -> active):
  custom:graphics/normal-map-encoding: 01000000000000000000000000000000 -> 02000000000000000000000000000000
========================================================================
Received Prepare
Registering precompiled user dll's ...
Registered in 0.001202 seconds.
Begin MonoManager ReloadAssembly
Native extension for OSXStandalone target not found
Refreshing native plugins compatible for Editor in 1.28 ms, found 1 plugins.
Preloading 0 native plugins for Editor in 0.00 ms.
Invoked RoslynAnalysisRunner static constructor.
RoslynAnalysisRunner will not be running.
RoslynAnalysisRunner has terminated.
Mono: successfully reloaded assembly
- Completed reload, in  2.020 seconds
Platform modules already initialized, skipping
Switching build target platform(2) subTarget(0) extendedPlatform(0) -> platform(13) subTarget(524288) extendedPlatform(0)
Refreshing native plugins compatible for Editor in 0.46 ms, found 1 plugins.
Preloading 0 native plugins for Editor in 0.00 ms.
Unloading 1760 Unused Serialized files (Serialized files now loaded: 0)
System memory in use before: 176.7 MB.
System memory in use after: 176.4 MB.

Unloading 9 unused Assets to reduce memory usage. Loaded Objects now: 2345.
Total: 5.470360 ms (FindLiveObjects: 0.432472 ms CreateObjectMapping: 0.293984 ms MarkObjects: 4.033508 ms  DeleteObjects: 0.708596 ms)

AssetImportParameters requested are different than current active one (requested -> active):
  custom:graphics/normal-map-encoding: 01000000000000000000000000000000 -> 02000000000000000000000000000000
========================================================================
Received Prepare
Registering precompiled user dll's ...
Registered in 0.001109 seconds.
Begin MonoManager ReloadAssembly
Native extension for OSXStandalone target not found
Refreshing native plugins compatible for Editor in 0.45 ms, found 1 plugins.
Preloading 0 native plugins for Editor in 0.00 ms.
Invoked RoslynAnalysisRunner static constructor.
RoslynAnalysisRunner will not be running.
RoslynAnalysisRunner has terminated.
Mono: successfully reloaded assembly
- Completed reload, in  1.263 seconds
Platform modules already initialized, skipping
Switching build target platform(2) subTarget(0) extendedPlatform(0) -> platform(13) subTarget(524288) extendedPlatform(0)
Refreshing native plugins compatible for Editor in 0.42 ms, found 1 plugins.
Preloading 0 native plugins for Editor in 0.00 ms.
Unloading 1632 Unused Serialized files (Serialized files now loaded: 0)
System memory in use before: 168.8 MB.
System memory in use after: 168.5 MB.

Unloading 108 unused Assets to reduce memory usage. Loaded Objects now: 2249.
Total: 3.147438 ms (FindLiveObjects: 0.330957 ms CreateObjectMapping: 0.076466 ms MarkObjects: 2.166083 ms  DeleteObjects: 0.572006 ms)

AssetImportParameters requested are different than current active one (requested -> active):
  custom:graphics/normal-map-encoding: 01000000000000000000000000000000 -> 02000000000000000000000000000000
========================================================================
Received Import Request.
  Time since last request: 395.174037 seconds.
  path: Assets/PlayFabEditorExtensions/Editor/Resources/PlayFabEditorPrefsSO.asset
  artifactKey: Guid(7f0f895d20658f142a06dc4fb49dce02) Importer(815301076,1909f56bfc062723c751e8b465ee728b)
Start importing Assets/PlayFabEditorExtensions/Editor/Resources/PlayFabEditorPrefsSO.asset using Guid(7f0f895d20658f142a06dc4fb49dce02) Importer(815301076,1909f56bfc062723c751e8b465ee728b)  -> (artifact id: 'e35bad4a8d91bf2d5bc090c757abad8f') in 0.012556 seconds
  Import took 0.017035 seconds .

========================================================================
Received Import Request.
  Time since last request: 0.002887 seconds.
  path: Assets/PlayFabEditorExtensions/Editor/Resources/PlayFabEditorPrefsSO.asset
  artifactKey: Guid(7f0f895d20658f142a06dc4fb49dce02) Importer(815301076,1909f56bfc062723c751e8b465ee728b)
Start importing Assets/PlayFabEditorExtensions/Editor/Resources/PlayFabEditorPrefsSO.asset using Guid(7f0f895d20658f142a06dc4fb49dce02) Importer(815301076,1909f56bfc062723c751e8b465ee728b)  -> (artifact id: 'e35bad4a8d91bf2d5bc090c757abad8f') in 0.003517 seconds
  Import took 0.007041 seconds .

========================================================================
Received Import Request.
  Time since last request: 2.234538 seconds.
  path: Assets/PlayFabEditorExtensions
  artifactKey: Guid(e6b6b62449f1f4ed1bdf033d7f2d2ccf) Importer(815301076,1909f56bfc062723c751e8b465ee728b)
Start importing Assets/PlayFabEditorExtensions using Guid(e6b6b62449f1f4ed1bdf033d7f2d2ccf) Importer(815301076,1909f56bfc062723c751e8b465ee728b)  -> (artifact id: 'f1ff3aa1bbf6398e8e76764b34eb84fd') in 0.003671 seconds
  Import took 0.008990 seconds .

========================================================================
Received Import Request.
  Time since last request: 0.000386 seconds.
  path: Assets/PlayFabEditorExtensions
  artifactKey: Guid(e6b6b62449f1f4ed1bdf033d7f2d2ccf) Importer(815301076,1909f56bfc062723c751e8b465ee728b)
Start importing Assets/PlayFabEditorExtensions using Guid(e6b6b62449f1f4ed1bdf033d7f2d2ccf) Importer(815301076,1909f56bfc062723c751e8b465ee728b)  -> (artifact id: 'f1ff3aa1bbf6398e8e76764b34eb84fd') in 0.001336 seconds
  Import took 0.004762 seconds .

========================================================================
Received Import Request.
  Time since last request: 58.759614 seconds.
  path: Assets/AurynSky/Gems Ultimate Pack/Scripts/AnimationScript.cs
  artifactKey: Guid(9ff967b7ed48f2441bcf509edf6b889a) Importer(815301076,1909f56bfc062723c751e8b465ee728b)
Start importing Assets/AurynSky/Gems Ultimate Pack/Scripts/AnimationScript.cs using Guid(9ff967b7ed48f2441bcf509edf6b889a) Importer(815301076,1909f56bfc062723c751e8b465ee728b)  -> (artifact id: '3b3c1ea580425de9b50bc28da60b500c') in 0.004307 seconds
  Import took 0.007738 seconds .

========================================================================
Received Import Request.
  Time since last request: 0.034779 seconds.
  path: Assets/AurynSky/Gems Ultimate Pack/Scripts/AnimationScript.cs
  artifactKey: Guid(9ff967b7ed48f2441bcf509edf6b889a) Importer(815301076,1909f56bfc062723c751e8b465ee728b)
Start importing Assets/AurynSky/Gems Ultimate Pack/Scripts/AnimationScript.cs using Guid(9ff967b7ed48f2441bcf509edf6b889a) Importer(815301076,1909f56bfc062723c751e8b465ee728b)  -> (artifact id: '3b3c1ea580425de9b50bc28da60b500c') in 0.003075 seconds
  Import took 0.006962 seconds .

========================================================================
Received Prepare
Refreshing native plugins compatible for Editor in 1.45 ms, found 1 plugins.
Preloading 0 native plugins for Editor in 0.00 ms.
Unloading 5 Unused Serialized files (Serialized files now loaded: 0)
System memory in use before: 135.5 MB.
System memory in use after: 135.3 MB.

Unloading 4 unused Assets to reduce memory usage. Loaded Objects now: 2250.
Total: 3.142981 ms (FindLiveObjects: 0.313253 ms CreateObjectMapping: 0.110680 ms MarkObjects: 2.212175 ms  DeleteObjects: 0.505917 ms)

========================================================================
Received Prepare
Registering precompiled user dll's ...
Registered in 0.000905 seconds.
Begin MonoManager ReloadAssembly
Native extension for OSXStandalone target not found
Refreshing native plugins compatible for Editor in 0.45 ms, found 1 plugins.
Preloading 0 native plugins for Editor in 0.00 ms.
CreateSerializedAsset is not supported while importing out-of-process
UnityEngine.StackTraceUtility:ExtractStackTrace () (at /Users/bokken/buildslave/unity/build/Runtime/Export/Scripting/StackTrace.cs:37)
PlayFab.PfEditor.PlayFabEditorPrefsSO:get_Instance () (at Assets/PlayFabEditorExtensions/Editor/Scripts/Utils/PlayFabEditorPrefsSO.cs:38)
PlayFab.PfEditor.SubMenuComponent:RegisterMenuItem (string,System.Action) (at Assets/PlayFabEditorExtensions/Editor/Scripts/Components/SubMenuComponent.cs:42)
PlayFab.PfEditor.PlayFabEditorDataMenu:RegisterMenu () (at Assets/PlayFabEditorExtensions/Editor/Scripts/Panels/PlayFabEditorDataMenu.cs:93)
PlayFab.PfEditor.PlayFabEditorDataMenu:.cctor () (at Assets/PlayFabEditorExtensions/Editor/Scripts/Panels/PlayFabEditorDataMenu.cs:74)
System.Runtime.CompilerServices.RuntimeHelpers:RunClassConstructor (System.RuntimeTypeHandle)
UnityEditor.EditorAssemblies:ProcessInitializeOnLoadAttributes (System.Type[]) (at /Users/bokken/buildslave/unity/build/Editor/Mono/EditorAssemblies.cs:114)

[Assets/PlayFabEditorExtensions/Editor/Scripts/Utils/PlayFabEditorPrefsSO.cs line 38]

UnityEngine.UnityException: Creating asset at path Assets/PlayFabEditorExtensions/Editor/Resources/PlayFabEditorPrefsSO.asset failed.
  at (wrapper managed-to-native) UnityEditor.AssetDatabase.CreateAsset(UnityEngine.Object,string)
  at PlayFab.PfEditor.PlayFabEditorPrefsSO.get_Instance () [0x00084] in /Users/WanAqilah/Documents/AR Marker - Car/Assets/PlayFabEditorExtensions/Editor/Scripts/Utils/PlayFabEditorPrefsSO.cs:38 
  at PlayFab.PfEditor.SubMenuComponent.RegisterMenuItem (System.String n, System.Action m) [0x00010] in /Users/WanAqilah/Documents/AR Marker - Car/Assets/PlayFabEditorExtensions/Editor/Scripts/Components/SubMenuComponent.cs:42 
  at PlayFab.PfEditor.PlayFabEditorDataMenu.RegisterMenu () [0x00018] in /Users/WanAqilah/Documents/AR Marker - Car/Assets/PlayFabEditorExtensions/Editor/Scripts/Panels/PlayFabEditorDataMenu.cs:93 
  at PlayFab.PfEditor.PlayFabEditorDataMenu..cctor () [0x0003a] in /Users/WanAqilah/Documents/AR Marker - Car/Assets/PlayFabEditorExtensions/Editor/Scripts/Panels/PlayFabEditorDataMenu.cs:74 
UnityEngine.StackTraceUtility:ExtractStackTrace () (at /Users/bokken/buildslave/unity/build/Runtime/Export/Scripting/StackTrace.cs:37)
UnityEngine.DebugLogHandler:LogFormat (UnityEngine.LogType,UnityEngine.Object,string,object[])
UnityEngine.Logger:Log (UnityEngine.LogType,object)
UnityEngine.Debug:LogError (object)
UnityEditor.EditorAssemblies:ProcessInitializeOnLoadAttributes (System.Type[]) (at /Users/bokken/buildslave/unity/build/Editor/Mono/EditorAssemblies.cs:118)

(Filename: /Users/bokken/buildslave/unity/build/Runtime/Export/Scripting/StackTrace.cs Line: 37)

Invoked RoslynAnalysisRunner static constructor.
RoslynAnalysisRunner will not be running.
RoslynAnalysisRunner has terminated.
Mono: successfully reloaded assembly
- Completed reload, in  1.425 seconds
Platform modules already initialized, skipping
Switching build target platform(2) subTarget(0) extendedPlatform(0) -> platform(13) subTarget(524288) extendedPlatform(0)
Refreshing native plugins compatible for Editor in 0.43 ms, found 1 plugins.
Preloading 0 native plugins for Editor in 0.00 ms.
Unloading 1660 Unused Serialized files (Serialized files now loaded: 0)
System memory in use before: 168.7 MB.
System memory in use after: 168.5 MB.

Unloading 10 unused Assets to reduce memory usage. Loaded Objects now: 2256.
Total: 3.555583 ms (FindLiveObjects: 0.300456 ms CreateObjectMapping: 0.134193 ms MarkObjects: 2.629704 ms  DeleteObjects: 0.489969 ms)

AssetImportParameters requested are different than current active one (requested -> active):
  custom:graphics/normal-map-encoding: 01000000000000000000000000000000 -> 02000000000000000000000000000000
========================================================================
Received Import Request.
  Time since last request: 476.040453 seconds.
  path: Assets/PlayFabEditorExtensions/Editor/Resources/PlayFabEditorPrefsSO.asset
  artifactKey: Guid(7f0f895d20658f142a06dc4fb49dce02) Importer(815301076,1909f56bfc062723c751e8b465ee728b)
Start importing Assets/PlayFabEditorExtensions/Editor/Resources/PlayFabEditorPrefsSO.asset using Guid(7f0f895d20658f142a06dc4fb49dce02) Importer(815301076,1909f56bfc062723c751e8b465ee728b)  -> (artifact id: '2da0a055b1e8645f5911058f16bd7df4') in 0.013766 seconds
  Import took 0.018098 seconds .

========================================================================
Received Import Request.
  Time since last request: 6.139702 seconds.
  path: Assets/PlayFabEditorExtensions/Editor/Scripts/PlayFabEditorSDK/ISerializer.cs
  artifactKey: Guid(f326e8a2f3464f246b1f3b5edd7ea59c) Importer(815301076,1909f56bfc062723c751e8b465ee728b)
Start importing Assets/PlayFabEditorExtensions/Editor/Scripts/PlayFabEditorSDK/ISerializer.cs using Guid(f326e8a2f3464f246b1f3b5edd7ea59c) Importer(815301076,1909f56bfc062723c751e8b465ee728b)  -> (artifact id: '9252be83bfb36b34ebdd0e7133a87651') in 0.002956 seconds
  Import took 0.006747 seconds .

========================================================================
Received Import Request.
  Time since last request: 0.005704 seconds.
  path: Assets/PlayFabEditorExtensions/Editor/Scripts/PlayFabEditorSDK/ISerializer.cs
  artifactKey: Guid(f326e8a2f3464f246b1f3b5edd7ea59c) Importer(815301076,1909f56bfc062723c751e8b465ee728b)
Start importing Assets/PlayFabEditorExtensions/Editor/Scripts/PlayFabEditorSDK/ISerializer.cs using Guid(f326e8a2f3464f246b1f3b5edd7ea59c) Importer(815301076,1909f56bfc062723c751e8b465ee728b)  -> (artifact id: '9252be83bfb36b34ebdd0e7133a87651') in 0.002232 seconds
  Import took 0.005061 seconds .

========================================================================
Received Prepare
Registering precompiled user dll's ...
Registered in 0.001171 seconds.
Begin MonoManager ReloadAssembly
Native extension for OSXStandalone target not found
Refreshing native plugins compatible for Editor in 0.44 ms, found 1 plugins.
Preloading 0 native plugins for Editor in 0.00 ms.
Invoked RoslynAnalysisRunner static constructor.
RoslynAnalysisRunner will not be running.
RoslynAnalysisRunner has terminated.
Mono: successfully reloaded assembly
- Completed reload, in  1.260 seconds
Platform modules already initialized, skipping
Switching build target platform(2) subTarget(0) extendedPlatform(0) -> platform(13) subTarget(524288) extendedPlatform(0)
Refreshing native plugins compatible for Editor in 0.41 ms, found 1 plugins.
Preloading 0 native plugins for Editor in 0.00 ms.
Unloading 1632 Unused Serialized files (Serialized files now loaded: 0)
System memory in use before: 165.9 MB.
System memory in use after: 165.6 MB.

Unloading 9 unused Assets to reduce memory usage. Loaded Objects now: 2259.
Total: 2.994328 ms (FindLiveObjects: 0.384033 ms CreateObjectMapping: 0.092593 ms MarkObjects: 2.024174 ms  DeleteObjects: 0.492471 ms)

AssetImportParameters requested are different than current active one (requested -> active):
  custom:graphics/normal-map-encoding: 01000000000000000000000000000000 -> 02000000000000000000000000000000
